2025-05-30 22:39:28 [main] INFO  i.n.bootcamp.SBBootCampApplication - Starting SBBootCampApplication using Java 17.0.12 with PID 15748 (C:\Users\admin\Documents\WorkSpace\GitHub\SpringBootSample\spring-boot-bootcamp\target\classes started by admin in C:\Users\admin\Documents\WorkSpace\GitHub\SpringBootSample\spring-boot-bootcamp)
2025-05-30 22:39:28 [main] DEBUG i.n.bootcamp.SBBootCampApplication - Running with Spring Boot v3.2.2, Spring v6.1.3
2025-05-30 22:39:28 [main] INFO  i.n.bootcamp.SBBootCampApplication - No active profile set, falling back to 1 default profile: "default"
2025-05-30 22:39:36 [main] INFO  o.s.d.r.c.RepositoryConfigurationDelegate - Bootstrapping Spring Data MongoDB repositories in DEFAULT mode.
2025-05-30 22:39:36 [main] INFO  o.s.d.r.c.RepositoryConfigurationDelegate - Finished Spring Data repository scanning in 159 ms. Found 4 MongoDB repository interfaces.
2025-05-30 22:39:42 [main] INFO  o.s.b.w.e.tomcat.TomcatWebServer - Tomcat initialized with port 9000 (http)
2025-05-30 22:39:42 [main] INFO  o.a.catalina.core.StandardService - Starting service [Tomcat]
2025-05-30 22:39:42 [main] INFO  o.a.catalina.core.StandardEngine - Starting Servlet engine: [Apache Tomcat/10.1.18]
2025-05-30 22:39:42 [main] INFO  o.a.c.c.C.[Tomcat].[localhost].[/] - Initializing Spring embedded WebApplicationContext
2025-05-30 22:39:42 [main] INFO  o.s.b.w.s.c.ServletWebServerApplicationContext - Root WebApplicationContext: initialization completed in 13604 ms
2025-05-30 22:39:43 [main] INFO  org.mongodb.driver.client - MongoClient with metadata {"driver": {"name": "mongo-java-driver|sync|spring-boot", "version": "4.11.1"}, "os": {"type": "Windows", "name": "Windows 11", "architecture": "amd64", "version": "10.0"}, "platform": "Java/Oracle Corporation/17.0.12+8-LTS-286"} created with settings MongoClientSettings{readPreference=primary, writeConcern=WriteConcern{w=null, wTimeout=null ms, journal=null}, retryWrites=true, retryReads=true, readConcern=ReadConcern{level=null}, credential=null, transportSettings=null, streamFactoryFactory=null, commandListeners=[io.micrometer.core.instrument.binder.mongodb.MongoMetricsCommandListener@144ee8a7], codecRegistry=ProvidersCodecRegistry{codecProviders=[ValueCodecProvider{}, BsonValueCodecProvider{}, DBRefCodecProvider{}, DBObjectCodecProvider{}, DocumentCodecProvider{}, CollectionCodecProvider{}, IterableCodecProvider{}, MapCodecProvider{}, GeoJsonCodecProvider{}, GridFSFileCodecProvider{}, Jsr310CodecProvider{}, JsonObjectCodecProvider{}, BsonCodecProvider{}, EnumCodecProvider{}, com.mongodb.client.model.mql.ExpressionCodecProvider@52b32b70, com.mongodb.Jep395RecordCodecProvider@18c820d2, com.mongodb.KotlinCodecProvider@3d3930fe]}, loggerSettings=LoggerSettings{maxDocumentLength=1000}, clusterSettings={hosts=[localhost:27017], srvServiceName=mongodb, mode=SINGLE, requiredClusterType=UNKNOWN, requiredReplicaSetName='null', serverSelector='null', clusterListeners='[]', serverSelectionTimeout='30000 ms', localThreshold='15 ms'}, socketSettings=SocketSettings{connectTimeoutMS=10000, readTimeoutMS=0, receiveBufferSize=0, proxySettings=ProxySettings{host=null, port=null, username=null, password=null}}, heartbeatSocketSettings=SocketSettings{connectTimeoutMS=10000, readTimeoutMS=10000, receiveBufferSize=0, proxySettings=ProxySettings{host=null, port=null, username=null, password=null}}, connectionPoolSettings=ConnectionPoolSettings{maxSize=100, minSize=0, maxWaitTimeMS=120000, maxConnectionLifeTimeMS=0, maxConnectionIdleTimeMS=0, maintenanceInitialDelayMS=0, maintenanceFrequencyMS=60000, connectionPoolListeners=[io.micrometer.core.instrument.binder.mongodb.MongoMetricsConnectionPoolListener@5e51ec2e], maxConnecting=2}, serverSettings=ServerSettings{heartbeatFrequencyMS=10000, minHeartbeatFrequencyMS=500, serverListeners='[]', serverMonitorListeners='[]'}, sslSettings=SslSettings{enabled=false, invalidHostNameAllowed=false, context=null}, applicationName='null', compressorList=[], uuidRepresentation=JAVA_LEGACY, serverApi=null, autoEncryptionSettings=null, dnsClient=null, inetAddressResolver=null, contextProvider=null}
2025-05-30 22:39:43 [cluster-ClusterId{value='6839e6573101ed7f769bcea9', description='null'}-localhost:27017] INFO  org.mongodb.driver.cluster - Monitor thread successfully connected to server with description ServerDescription{address=localhost:27017, type=STANDALONE, state=CONNECTED, ok=true, minWireVersion=0, maxWireVersion=25, maxDocumentSize=16777216, logicalSessionTimeoutMinutes=30, roundTripTimeNanos=109020900}
2025-05-30 22:39:44 [main] DEBUG o.s.w.f.ServerHttpObservationFilter - Filter 'webMvcObservationFilter' configured for use
2025-05-30 22:39:44 [main] DEBUG i.n.b.security.jwt.AuthTokenFilter - Filter 'authenticationJwtTokenFilter' configured for use
2025-05-30 22:39:45 [main] INFO  i.n.bootcamp.usecase.UserUseCase - UserUseCase: Bean initialization complete - All dependencies are ready
2025-05-30 22:39:46 [main] INFO  o.s.b.a.e.web.EndpointLinksResolver - Exposing 14 endpoint(s) beneath base path '/actuator'
2025-05-30 22:39:46 [main] DEBUG o.s.w.s.m.m.a.RequestMappingHandlerMapping - 24 mappings in 'requestMappingHandlerMapping'
2025-05-30 22:39:47 [main] DEBUG o.s.w.s.h.SimpleUrlHandlerMapping - Patterns [/webjars/**, /**, /swagger-ui*/*swagger-initializer.js, /swagger-ui*/**] in 'resourceHandlerMapping'
2025-05-30 22:39:47 [main] INFO  o.s.s.web.DefaultSecurityFilterChain - Will secure any request with [org.springframework.security.web.session.DisableEncodeUrlFilter@259c6ab8, org.springframework.security.web.context.request.async.WebAsyncManagerIntegrationFilter@640a6d4b, org.springframework.security.web.context.SecurityContextHolderFilter@363ba634, org.springframework.security.web.header.HeaderWriterFilter@240291d9, org.springframework.web.filter.CorsFilter@1238a074, org.springframework.security.web.authentication.logout.LogoutFilter@3d3b852e, in.newdevpoint.bootcamp.security.jwt.AuthTokenFilter@6c1f15df, org.springframework.security.web.savedrequest.RequestCacheAwareFilter@176e839e, org.springframework.security.web.servletapi.SecurityContextHolderAwareRequestFilter@7ce4498f, org.springframework.security.web.authentication.AnonymousAuthenticationFilter@35b58254, org.springframework.security.web.session.SessionManagementFilter@451a4187, org.springframework.security.web.access.ExceptionTranslationFilter@630c3af3, org.springframework.security.web.access.intercept.AuthorizationFilter@49c4118b]
2025-05-30 22:39:47 [main] DEBUG o.s.w.s.m.m.a.RequestMappingHandlerAdapter - ControllerAdvice beans: 0 @ModelAttribute, 0 @InitBinder, 1 RequestBodyAdvice, 1 ResponseBodyAdvice
2025-05-30 22:39:47 [main] DEBUG o.s.w.s.m.m.a.ExceptionHandlerExceptionResolver - ControllerAdvice beans: 3 @ExceptionHandler, 1 ResponseBodyAdvice
2025-05-30 22:39:50 [main] INFO  o.s.b.w.e.tomcat.TomcatWebServer - Tomcat started on port 9000 (http) with context path ''
2025-05-30 22:39:50 [main] INFO  i.n.bootcamp.SBBootCampApplication - Started SBBootCampApplication in 23.669 seconds (process running for 24.977)
2025-05-30 22:39:51 [main] DEBUG i.n.bootcamp.SBBootCampApplication - DEBUG: Application started - Detailed information for debugging
2025-05-30 22:39:51 [main] INFO  i.n.bootcamp.SBBootCampApplication - INFO: Application started - General information about application startup
2025-05-30 22:39:51 [main] WARN  i.n.bootcamp.SBBootCampApplication - WARN: Application started - Warning messages for potential issues
2025-05-30 22:39:51 [main] ERROR i.n.bootcamp.SBBootCampApplication - ERROR: Application started - Error messages for serious problems
2025-05-30 22:45:27 [http-nio-9000-exec-2] INFO  o.a.c.c.C.[Tomcat].[localhost].[/] - Initializing Spring DispatcherServlet 'dispatcherServlet'
2025-05-30 22:45:27 [http-nio-9000-exec-2] INFO  o.s.web.servlet.DispatcherServlet - Initializing Servlet 'dispatcherServlet'
2025-05-30 22:45:27 [http-nio-9000-exec-2] DEBUG o.s.web.servlet.DispatcherServlet - Detected StandardServletMultipartResolver
2025-05-30 22:45:27 [http-nio-9000-exec-2] DEBUG o.s.web.servlet.DispatcherServlet - Detected AcceptHeaderLocaleResolver
2025-05-30 22:45:27 [http-nio-9000-exec-2] DEBUG o.s.web.servlet.DispatcherServlet - Detected FixedThemeResolver
2025-05-30 22:45:27 [http-nio-9000-exec-2] DEBUG o.s.web.servlet.DispatcherServlet - Detected org.springframework.web.servlet.view.DefaultRequestToViewNameTranslator@20fd0996
2025-05-30 22:45:27 [http-nio-9000-exec-2] DEBUG o.s.web.servlet.DispatcherServlet - Detected org.springframework.web.servlet.support.SessionFlashMapManager@1ed94be1
2025-05-30 22:45:27 [http-nio-9000-exec-2] DEBUG o.s.web.servlet.DispatcherServlet - enableLoggingRequestDetails='false': request parameters and headers will be masked to prevent unsafe logging of potentially sensitive data
2025-05-30 22:45:27 [http-nio-9000-exec-2] INFO  o.s.web.servlet.DispatcherServlet - Completed initialization in 360 ms
2025-05-30 22:45:28 [http-nio-9000-exec-2] DEBUG o.s.web.servlet.DispatcherServlet - POST "/api/auth/signin", parameters={}
2025-05-30 22:45:28 [http-nio-9000-exec-2] DEBUG o.s.w.s.m.m.a.RequestMappingHandlerMapping - Mapped to in.newdevpoint.bootcamp.controller.AuthController#authenticateUser(LoginRequest)
2025-05-30 22:45:29 [http-nio-9000-exec-2] DEBUG o.s.w.s.m.m.a.RequestResponseBodyMethodProcessor - Read "application/json;charset=UTF-8" to [LoginRequest(username=admin, password=123456)]
2025-05-30 22:45:32 [http-nio-9000-exec-2] DEBUG o.s.w.s.m.m.a.HttpEntityMethodProcessor - Using 'application/json', given [*/*] and supported [application/json, application/*+json]
2025-05-30 22:45:32 [http-nio-9000-exec-2] DEBUG o.s.w.s.m.m.a.HttpEntityMethodProcessor - Writing [in.newdevpoint.bootcamp.payload.response.JwtResponse@4a12b59d]
2025-05-30 22:45:32 [http-nio-9000-exec-2] DEBUG o.s.web.servlet.DispatcherServlet - Completed 200 OK
2025-05-30 22:45:37 [http-nio-9000-exec-3] DEBUG o.s.web.servlet.DispatcherServlet - POST "/api/auth/signin", parameters={}
2025-05-30 22:45:37 [http-nio-9000-exec-3] DEBUG o.s.w.s.m.m.a.RequestMappingHandlerMapping - Mapped to in.newdevpoint.bootcamp.controller.AuthController#authenticateUser(LoginRequest)
2025-05-30 22:45:37 [http-nio-9000-exec-3] DEBUG o.s.w.s.m.m.a.RequestResponseBodyMethodProcessor - Read "application/json;charset=UTF-8" to [LoginRequest(username=admin, password=123456)]
2025-05-30 22:45:37 [http-nio-9000-exec-3] DEBUG o.s.w.s.m.m.a.HttpEntityMethodProcessor - Using 'application/json', given [*/*] and supported [application/json, application/*+json]
2025-05-30 22:45:37 [http-nio-9000-exec-3] DEBUG o.s.w.s.m.m.a.HttpEntityMethodProcessor - Writing [in.newdevpoint.bootcamp.payload.response.JwtResponse@45ad173c]
2025-05-30 22:45:37 [http-nio-9000-exec-3] DEBUG o.s.web.servlet.DispatcherServlet - Completed 200 OK
2025-05-30 22:53:56 [SpringApplicationShutdownHook] INFO  i.n.bootcamp.usecase.UserUseCase - UserUseCase: Performing cleanup before bean destruction
2025-05-30 22:57:34 [main] INFO  i.n.bootcamp.SBBootCampApplication - Starting SBBootCampApplication using Java 17.0.12 with PID 9360 (C:\Users\admin\Documents\WorkSpace\GitHub\SpringBootSample\spring-boot-bootcamp\target\classes started by admin in C:\Users\admin\Documents\WorkSpace\GitHub\SpringBootSample\spring-boot-bootcamp)
2025-05-30 22:57:34 [main] DEBUG i.n.bootcamp.SBBootCampApplication - Running with Spring Boot v3.2.2, Spring v6.1.3
2025-05-30 22:57:34 [main] INFO  i.n.bootcamp.SBBootCampApplication - No active profile set, falling back to 1 default profile: "default"
2025-05-30 22:57:37 [main] INFO  o.s.d.r.c.RepositoryConfigurationDelegate - Bootstrapping Spring Data MongoDB repositories in DEFAULT mode.
2025-05-30 22:57:37 [main] INFO  o.s.d.r.c.RepositoryConfigurationDelegate - Finished Spring Data repository scanning in 236 ms. Found 4 MongoDB repository interfaces.
2025-05-30 22:57:40 [main] INFO  o.s.b.w.e.tomcat.TomcatWebServer - Tomcat initialized with port 9000 (http)
2025-05-30 22:57:40 [main] INFO  o.a.catalina.core.StandardService - Starting service [Tomcat]
2025-05-30 22:57:40 [main] INFO  o.a.catalina.core.StandardEngine - Starting Servlet engine: [Apache Tomcat/10.1.18]
2025-05-30 22:57:40 [main] INFO  o.a.c.c.C.[Tomcat].[localhost].[/] - Initializing Spring embedded WebApplicationContext
2025-05-30 22:57:40 [main] INFO  o.s.b.w.s.c.ServletWebServerApplicationContext - Root WebApplicationContext: initialization completed in 5498 ms
2025-05-30 22:57:41 [main] INFO  org.mongodb.driver.client - MongoClient with metadata {"driver": {"name": "mongo-java-driver|sync|spring-boot", "version": "4.11.1"}, "os": {"type": "Windows", "name": "Windows 11", "architecture": "amd64", "version": "10.0"}, "platform": "Java/Oracle Corporation/17.0.12+8-LTS-286"} created with settings MongoClientSettings{readPreference=primary, writeConcern=WriteConcern{w=null, wTimeout=null ms, journal=null}, retryWrites=true, retryReads=true, readConcern=ReadConcern{level=null}, credential=null, transportSettings=null, streamFactoryFactory=null, commandListeners=[io.micrometer.core.instrument.binder.mongodb.MongoMetricsCommandListener@300a38e7], codecRegistry=ProvidersCodecRegistry{codecProviders=[ValueCodecProvider{}, BsonValueCodecProvider{}, DBRefCodecProvider{}, DBObjectCodecProvider{}, DocumentCodecProvider{}, CollectionCodecProvider{}, IterableCodecProvider{}, MapCodecProvider{}, GeoJsonCodecProvider{}, GridFSFileCodecProvider{}, Jsr310CodecProvider{}, JsonObjectCodecProvider{}, BsonCodecProvider{}, EnumCodecProvider{}, com.mongodb.client.model.mql.ExpressionCodecProvider@5c9a4f3b, com.mongodb.Jep395RecordCodecProvider@2bb0e277, com.mongodb.KotlinCodecProvider@6f24ce45]}, loggerSettings=LoggerSettings{maxDocumentLength=1000}, clusterSettings={hosts=[localhost:27017], srvServiceName=mongodb, mode=SINGLE, requiredClusterType=UNKNOWN, requiredReplicaSetName='null', serverSelector='null', clusterListeners='[]', serverSelectionTimeout='30000 ms', localThreshold='15 ms'}, socketSettings=SocketSettings{connectTimeoutMS=10000, readTimeoutMS=0, receiveBufferSize=0, proxySettings=ProxySettings{host=null, port=null, username=null, password=null}}, heartbeatSocketSettings=SocketSettings{connectTimeoutMS=10000, readTimeoutMS=10000, receiveBufferSize=0, proxySettings=ProxySettings{host=null, port=null, username=null, password=null}}, connectionPoolSettings=ConnectionPoolSettings{maxSize=100, minSize=0, maxWaitTimeMS=120000, maxConnectionLifeTimeMS=0, maxConnectionIdleTimeMS=0, maintenanceInitialDelayMS=0, maintenanceFrequencyMS=60000, connectionPoolListeners=[io.micrometer.core.instrument.binder.mongodb.MongoMetricsConnectionPoolListener@e881e46], maxConnecting=2}, serverSettings=ServerSettings{heartbeatFrequencyMS=10000, minHeartbeatFrequencyMS=500, serverListeners='[]', serverMonitorListeners='[]'}, sslSettings=SslSettings{enabled=false, invalidHostNameAllowed=false, context=null}, applicationName='null', compressorList=[], uuidRepresentation=JAVA_LEGACY, serverApi=null, autoEncryptionSettings=null, dnsClient=null, inetAddressResolver=null, contextProvider=null}
2025-05-30 22:57:41 [cluster-ClusterId{value='6839ea8d636c516a1cf6b2cd', description='null'}-localhost:27017] INFO  org.mongodb.driver.cluster - Monitor thread successfully connected to server with description ServerDescription{address=localhost:27017, type=STANDALONE, state=CONNECTED, ok=true, minWireVersion=0, maxWireVersion=25, maxDocumentSize=16777216, logicalSessionTimeoutMinutes=30, roundTripTimeNanos=98099700}
2025-05-30 22:57:42 [main] DEBUG o.s.w.f.ServerHttpObservationFilter - Filter 'webMvcObservationFilter' configured for use
2025-05-30 22:57:42 [main] DEBUG i.n.b.security.jwt.AuthTokenFilter - Filter 'authenticationJwtTokenFilter' configured for use
2025-05-30 22:57:43 [main] INFO  i.n.bootcamp.usecase.UserUseCase - UserUseCase: Bean initialization complete - All dependencies are ready
2025-05-30 22:57:44 [main] INFO  o.s.b.a.e.web.EndpointLinksResolver - Exposing 14 endpoint(s) beneath base path '/actuator'
2025-05-30 22:57:45 [main] DEBUG o.s.w.s.m.m.a.RequestMappingHandlerMapping - 24 mappings in 'requestMappingHandlerMapping'
2025-05-30 22:57:45 [main] DEBUG o.s.w.s.h.SimpleUrlHandlerMapping - Patterns [/webjars/**, /**, /swagger-ui*/*swagger-initializer.js, /swagger-ui*/**] in 'resourceHandlerMapping'
2025-05-30 22:57:45 [main] INFO  o.s.s.web.DefaultSecurityFilterChain - Will secure any request with [org.springframework.security.web.session.DisableEncodeUrlFilter@51566ce0, org.springframework.security.web.context.request.async.WebAsyncManagerIntegrationFilter@1734b1a, org.springframework.security.web.context.SecurityContextHolderFilter@1f1ffc18, org.springframework.security.web.header.HeaderWriterFilter@8b1170f, org.springframework.web.filter.CorsFilter@17e6d07b, org.springframework.security.web.authentication.logout.LogoutFilter@5516ee5, in.newdevpoint.bootcamp.security.jwt.AuthTokenFilter@4e10a320, org.springframework.security.web.savedrequest.RequestCacheAwareFilter@46bdc55e, org.springframework.security.web.servletapi.SecurityContextHolderAwareRequestFilter@5a9baba8, org.springframework.security.web.authentication.AnonymousAuthenticationFilter@318511f0, org.springframework.security.web.session.SessionManagementFilter@29431f61, org.springframework.security.web.access.ExceptionTranslationFilter@6065bcb7, org.springframework.security.web.access.intercept.AuthorizationFilter@399fd710]
2025-05-30 22:57:45 [main] DEBUG o.s.w.s.m.m.a.RequestMappingHandlerAdapter - ControllerAdvice beans: 0 @ModelAttribute, 0 @InitBinder, 1 RequestBodyAdvice, 1 ResponseBodyAdvice
2025-05-30 22:57:45 [main] DEBUG o.s.w.s.m.m.a.ExceptionHandlerExceptionResolver - ControllerAdvice beans: 3 @ExceptionHandler, 1 ResponseBodyAdvice
2025-05-30 22:57:46 [main] INFO  o.s.b.w.e.tomcat.TomcatWebServer - Tomcat started on port 9000 (http) with context path ''
2025-05-30 22:57:46 [main] INFO  i.n.bootcamp.SBBootCampApplication - Started SBBootCampApplication in 12.893 seconds (process running for 14.144)
2025-05-30 22:57:46 [main] DEBUG i.n.bootcamp.SBBootCampApplication - DEBUG: Application started - Detailed information for debugging
2025-05-30 22:57:46 [main] INFO  i.n.bootcamp.SBBootCampApplication - INFO: Application started - General information about application startup
2025-05-30 22:57:46 [main] WARN  i.n.bootcamp.SBBootCampApplication - WARN: Application started - Warning messages for potential issues
2025-05-30 22:57:46 [main] ERROR i.n.bootcamp.SBBootCampApplication - ERROR: Application started - Error messages for serious problems
2025-05-30 23:01:52 [SpringApplicationShutdownHook] INFO  i.n.bootcamp.usecase.UserUseCase - UserUseCase: Performing cleanup before bean destruction
